<?xml version="1.0" encoding="utf-8"?><testsuites name="pytest tests"><testsuite name="pytest" errors="0" failures="0" skipped="0" tests="37" time="0.353" timestamp="2026-09-10T10:54:28.192581+07:00" hostname="DESKTOP-AO6QRUA"><testcase classname="tests.test_auth_contract" name="test_auth_login_success_contract" time="0.010" /><testcase classname="tests.test_auth_contract" name="test_auth_teacher_success_role" time="0.005" /><testcase classname="tests.test_auth_contract" name="test_auth_wrong_password_401_error_schema" time="0.004" /><testcase classname="tests.test_auth_contract" name="test_auth_unknown_email_401" time="0.007" /><testcase classname="tests.test_auth_contract" name="test_auth_missing_email_422" time="0.005" /><testcase classname="tests.test_auth_contract" name="test_auth_invalid_email_format_422" time="0.004" /><testcase classname="tests.test_auth_contract" name="test_auth_password_below_min_boundary_422" time="0.005" /><testcase classname="tests.test_auth_contract" name="test_auth_password_at_min_boundary_accepted_by_validation" time="0.007" /><testcase classname="tests.test_exercise_contract" name="test_get_exercise_success_contract" time="0.007" /><testcase classname="tests.test_exercise_contract" name="test_get_exercise_not_found_404" time="0.005" /><testcase classname="tests.test_exercise_contract" name="test_create_quiz_success_201" time="0.006" /><testcase classname="tests.test_exercise_contract" name="test_create_coding_success_201" time="0.004" /><testcase classname="tests.test_exercise_contract" name="test_create_exercise_empty_title_422" time="0.004" /><testcase classname="tests.test_exercise_contract" name="test_create_exercise_invalid_type_422" time="0.005" /><testcase classname="tests.test_exercise_contract" name="test_create_exercise_score_lower_boundary_zero" time="0.004" /><testcase classname="tests.test_exercise_contract" name="test_create_exercise_score_over_upper_boundary_101" time="0.004" /><testcase classname="tests.test_openapi_contract" name="test_openapi_endpoint_available" time="0.024" /><testcase classname="tests.test_openapi_contract" name="test_openapi_required_paths_and_methods" time="0.003" /><testcase classname="tests.test_openapi_contract" name="test_openapi_login_response_fields" time="0.003" /><testcase classname="tests.test_openapi_contract" name="test_openapi_resource_and_exercise_response_fields" time="0.003" /><testcase classname="tests.test_openapi_contract" name="test_openapi_submission_response_fields" time="0.004" /><testcase classname="tests.test_resource_contract" name="test_get_resource_success_contract" time="0.006" /><testcase classname="tests.test_resource_contract" name="test_get_resource_not_found_404_schema" time="0.004" /><testcase classname="tests.test_resource_contract" name="test_create_resource_success_201" time="0.006" /><testcase classname="tests.test_resource_contract" name="test_create_resource_response_contract" time="0.004" /><testcase classname="tests.test_resource_contract" name="test_create_resource_empty_name_422" time="0.005" /><testcase classname="tests.test_resource_contract" name="test_create_resource_invalid_type_422" time="0.004" /><testcase classname="tests.test_resource_contract" name="test_create_resource_name_at_max_boundary_50" time="0.006" /><testcase classname="tests.test_resource_contract" name="test_create_resource_name_over_max_boundary_51" time="0.005" /><testcase classname="tests.test_submission_contract" name="test_create_submission_success_201" time="0.009" /><testcase classname="tests.test_submission_contract" name="test_create_submission_response_contract" time="0.006" /><testcase classname="tests.test_submission_contract" name="test_submission_unknown_user_404" time="0.004" /><testcase classname="tests.test_submission_contract" name="test_submission_unknown_exercise_404" time="0.005" /><testcase classname="tests.test_submission_contract" name="test_submission_empty_answer_422" time="0.004" /><testcase classname="tests.test_submission_contract" name="test_submission_answer_min_boundary_one_char" time="0.005" /><testcase classname="tests.test_submission_contract" name="test_submission_answer_max_boundary_5000" time="0.006" /><testcase classname="tests.test_submission_contract" name="test_submission_answer_over_max_boundary_5001" time="0.003" /></testsuite></testsuites>