<?xml version="1.0" encoding="utf-8"?><testsuites name="pytest tests"><testsuite name="pytest" errors="0" failures="1" skipped="0" tests="42" time="0.712" timestamp="2026-09-10T17:47:56.932370+07:00" hostname="DESKTOP-AO6QRUA"><testcase classname="tests.test_admin_permissions" name="test_admin_can_read_audit" time="0.013" /><testcase classname="tests.test_admin_permissions" name="test_teacher_cannot_read_audit" time="0.007" /><testcase classname="tests.test_admin_permissions" name="test_student_cannot_read_audit" time="0.007" /><testcase classname="tests.test_admin_permissions" name="test_unauthenticated_user_cannot_read_audit" time="0.007" /><testcase classname="tests.test_exercise_permissions" name="test_teacher_can_create_exercise_in_own_class" time="0.008" /><testcase classname="tests.test_exercise_permissions" name="test_teacher_cannot_create_exercise_cross_class" time="0.006" /><testcase classname="tests.test_exercise_permissions" name="test_student_cannot_create_exercise" time="0.007" /><testcase classname="tests.test_exercise_permissions" name="test_admin_can_create_exercise_any_class" time="0.006" /><testcase classname="tests.test_exercise_permissions" name="test_missing_token_cannot_create_exercise" time="0.006" /><testcase classname="tests.test_exercise_permissions" name="test_only_admin_can_delete_exercise" time="0.007" /><testcase classname="tests.test_exercise_permissions" name="test_teacher_cannot_delete_exercise" time="0.007" /><testcase classname="tests.test_exercise_permissions" name="test_student_cannot_delete_exercise" time="0.006" /><testcase classname="tests.test_profile_rbac" name="test_student_can_view_own_profile" time="0.006" /><testcase classname="tests.test_profile_rbac" name="test_student_cannot_view_other_student_same_class" time="0.005" /><testcase classname="tests.test_profile_rbac" name="test_student_cannot_view_cross_class_profile" time="0.007" /><testcase classname="tests.test_profile_rbac" name="test_teacher_can_view_student_in_own_class" time="0.008" /><testcase classname="tests.test_profile_rbac" name="test_teacher_cannot_view_student_cross_class" time="0.007" /><testcase classname="tests.test_profile_rbac" name="test_admin_can_view_student_any_class" time="0.007" /><testcase classname="tests.test_profile_rbac" name="test_class_path_mismatch_does_not_leak_student" time="0.007" /><testcase classname="tests.test_security_regression" name="test_all_sensitive_get_endpoints_require_authentication" time="0.021" /><testcase classname="tests.test_security_regression" name="test_401_error_schema_is_consistent" time="0.005" /><testcase classname="tests.test_security_regression" name="test_403_error_schema_is_consistent" time="0.005" /><testcase classname="tests.test_security_regression" name="test_error_response_does_not_echo_bearer_token" time="0.005" /><testcase classname="tests.test_security_regression" name="test_idor_regression_student_a_cannot_read_student_b_submission" time="0.004" /><testcase classname="tests.test_submission_idor" name="test_student_can_view_own_submission" time="0.006" /><testcase classname="tests.test_submission_idor" name="test_student_cannot_view_other_submission_same_class" time="0.006" /><testcase classname="tests.test_submission_idor" name="test_student_cannot_view_cross_class_submission" time="0.006" /><testcase classname="tests.test_submission_idor" name="test_teacher_can_view_submission_in_own_class" time="0.014" /><testcase classname="tests.test_submission_idor" name="test_teacher_cannot_view_cross_class_submission" time="0.015" /><testcase classname="tests.test_submission_idor" name="test_admin_can_view_submission_any_class" time="0.012" /><testcase classname="tests.test_submission_idor" name="test_unknown_submission_returns_404_without_leaking_other_data" time="0.019" /><testcase classname="tests.test_token_security" name="test_student_valid_token_can_read_me" time="0.011" /><testcase classname="tests.test_token_security" name="test_teacher_valid_token_can_read_me" time="0.019" /><testcase classname="tests.test_token_security" name="test_admin_valid_token_can_read_me" time="0.018" /><testcase classname="tests.test_token_security" name="test_missing_token_is_401" time="0.007" /><testcase classname="tests.test_token_security" name="test_wrong_auth_scheme_is_401" time="0.006" /><testcase classname="tests.test_token_security" name="test_expired_token_is_401" time="0.021" /><testcase classname="tests.test_token_security" name="test_tampered_token_is_401" time="0.023"><failure message="AssertionError">client = &lt;starlette.testclient.TestClient object at 0x00000285B2F59850&gt;, token_for = &lt;function token_for.&lt;locals&gt;.&lt;lambda&gt; at 0x00000285B2F5C900&gt;

    def test_tampered_token_is_401(client, token_for):
        token = token_for("stu_a")
        tampered = token[:-1] + ("A" if token[-1] != "A" else "B")
        r = client.get("/me", headers={"Authorization": f"Bearer {tampered}"})
&gt;       assert_error_schema(r, 401, "TOKEN_INVALID")

tests\test_token_security.py:42: 
_ _ _ _ _ _ _ _ _ _ _ _ _ _ _ _ _ _ _ _ _ _ _ _ _ _ _ _ _ _ _ _ _ _ _ _ _ _ _ _ _ _ _ _ _ _ _ _ _ _ _ _ _ _ _ _ _ _ _ _ _ _ _ _ _ _ _ _ _ _ _ _ _ _ _ _ _ _ _ _ _ _ _ _ _ _ _ _

response = &lt;Response [200 OK]&gt;, expected_status = 401, expected_code = 'TOKEN_INVALID'

    def assert_error_schema(response, expected_status: int, expected_code: str | None = None):
&gt;       assert response.status_code == expected_status
               ^^^^^^^^^^^^^^^^^^^^^^^^^^^^^^^^^^^^^^^
E       AssertionError

tests\helpers.py:2: AssertionError</failure></testcase><testcase classname="tests.test_token_security" name="test_malformed_token_is_401" time="0.008" /><testcase classname="tests.test_token_security" name="test_unknown_user_in_signed_token_is_401" time="0.009" /><testcase classname="tests.test_token_security" name="test_sensitive_headers_are_redacted_before_logging" time="0.002" /><testcase classname="tests.test_token_security" name="test_cookie_is_redacted_before_logging" time="0.002" /></testsuite></testsuites>